build/app/intermediates/manifest_merge_blame_file/debug/manifest-merger-blame-debug-report.txt
1<?xml version="1.0" encoding="utf-8"?>
2<manifest xmlns:android="http://schemas.android.com/apk/res/android"
3    package="pt.up.fe.ni.uni"
4    android:versionCode="35"
5    android:versionName="1.1.1" >
6
7    <uses-sdk
8        android:minSdkVersion="16"
9        android:targetSdkVersion="30" />
10    <!--
11         Flutter needs it to communicate with the running application
12         to allow setting breakpoints, to provide hot reload, etc.
13    -->
14    <uses-permission android:name="android.permission.INTERNET" />
14-->src/main/AndroidManifest.xml:33:5-66
14-->src/main/AndroidManifest.xml:33:22-64
15    <uses-permission android:name="android.permission.WRITE_CALENDAR" />
15-->src/main/AndroidManifest.xml:34:5-72
15-->src/main/AndroidManifest.xml:34:22-70
16    <uses-permission android:name="android.permission.READ_CALENDAR" />
16-->src/main/AndroidManifest.xml:35:5-71
16-->src/main/AndroidManifest.xml:35:22-69
17    <uses-permission android:name="android.permission.READ_EXTERNAL_STORAGE" />
17-->[:file_picker] AndroidManifest.xml:7:5-80
17-->[:file_picker] AndroidManifest.xml:7:22-77
18
19    <queries>
19-->[:file_picker] AndroidManifest.xml:9:5-15:15
20        <intent>
20-->[:file_picker] AndroidManifest.xml:10:9-14:18
21            <action android:name="android.intent.action.GET_CONTENT" />
21-->[:file_picker] AndroidManifest.xml:11:13-72
21-->[:file_picker] AndroidManifest.xml:11:21-69
22
23            <data android:mimeType="*/*" />
23-->[:file_picker] AndroidManifest.xml:13:13-44
23-->[:file_picker] AndroidManifest.xml:13:19-41
24        </intent>
25    </queries>
26
27    <uses-permission android:name="android.permission.ACCESS_NETWORK_STATE" />
27-->[:connectivity] AndroidManifest.xml:7:5-79
27-->[:connectivity] AndroidManifest.xml:7:22-76
28    <uses-permission android:name="android.permission.ACCESS_WIFI_STATE" />
28-->[:connectivity] AndroidManifest.xml:8:5-76
28-->[:connectivity] AndroidManifest.xml:8:22-73
29    <!--
30 io.flutter.app.FlutterApplication is an android.app.Application that
31         calls FlutterMain.startInitialization(this); in its onCreate method.
32         In most cases you can leave this as-is, but you if you want to provide
33         additional functionality it is fine to subclass or reimplement
34         FlutterApplication and put your custom class here.
35    -->
36    <application
37        android:name="android.app.Application"
38        android:appComponentFactory="androidx.core.app.CoreComponentFactory"
38-->[androidx.core:core:1.6.0] AndroidManifest.xml:24:18-86
39        android:debuggable="true"
40        android:icon="@mipmap/ic_launcher"
41        android:label="uni" >
42        <activity
43            android:name="pt.up.fe.ni.uni.MainActivity"
44            android:configChanges="orientation|keyboardHidden|keyboard|screenSize|smallestScreenSize|locale|layoutDirection|fontScale|screenLayout|density|uiMode"
45            android:hardwareAccelerated="true"
46            android:launchMode="singleTop"
47            android:theme="@style/LaunchTheme"
48            android:windowSoftInputMode="adjustResize" >
49            <intent-filter>
50                <action android:name="android.intent.action.MAIN" />
51
52                <category android:name="android.intent.category.LAUNCHER" />
53            </intent-filter>
54
55            <meta-data
56                android:name="io.flutter.embedding.android.SplashScreenDrawable"
57                android:resource="@drawable/launch_background" />
58        </activity>
59        <!--
60             Don't delete the meta-data below.
61             This is used by the Flutter tool to generate GeneratedPluginRegistrant.java
62        -->
63        <meta-data
64            android:name="flutterEmbedding"
65            android:value="2" />
66
67        <activity
67-->[:url_launcher_android] AndroidManifest.xml:8:9-11:74
68            android:name="io.flutter.plugins.urllauncher.WebViewActivity"
68-->[:url_launcher_android] AndroidManifest.xml:9:13-74
69            android:exported="false"
69-->[:url_launcher_android] AndroidManifest.xml:10:13-37
70            android:theme="@android:style/Theme.NoTitleBar.Fullscreen" />
70-->[:url_launcher_android] AndroidManifest.xml:11:13-71
71
72        <uses-library
72-->[androidx.window:window:1.0.0-beta04] AndroidManifest.xml:25:9-27:40
73            android:name="androidx.window.extensions"
73-->[androidx.window:window:1.0.0-beta04] AndroidManifest.xml:26:13-54
74            android:required="false" />
74-->[androidx.window:window:1.0.0-beta04] AndroidManifest.xml:27:13-37
75        <uses-library
75-->[androidx.window:window:1.0.0-beta04] AndroidManifest.xml:28:9-30:40
76            android:name="androidx.window.sidecar"
76-->[androidx.window:window:1.0.0-beta04] AndroidManifest.xml:29:13-51
77            android:required="false" />
77-->[androidx.window:window:1.0.0-beta04] AndroidManifest.xml:30:13-37
78
79        <provider
79-->[androidx.lifecycle:lifecycle-process:2.2.0] AndroidManifest.xml:25:9-29:43
80            android:name="androidx.lifecycle.ProcessLifecycleOwnerInitializer"
80-->[androidx.lifecycle:lifecycle-process:2.2.0] AndroidManifest.xml:26:13-79
81            android:authorities="pt.up.fe.ni.uni.lifecycle-process"
81-->[androidx.lifecycle:lifecycle-process:2.2.0] AndroidManifest.xml:27:13-69
82            android:exported="false"
82-->[androidx.lifecycle:lifecycle-process:2.2.0] AndroidManifest.xml:28:13-37
83            android:multiprocess="true" />
83-->[androidx.lifecycle:lifecycle-process:2.2.0] AndroidManifest.xml:29:13-40
84    </application>
85
86</manifest>